<?xml version="1.0" encoding="UTF-8"?>
<!-- Generated by org.testng.reporters.JUnitReportReporter -->
<testsuite hostname="DESKTOP-DBMQDBI" failures="0" tests="2" name="Lesson4_POM.LoginPO" time="64.795" errors="0" timestamp="2022-12-24T14:03:50 CET" skipped="0">
  <testcase classname="Lesson4_POM.LoginPO" name="enterValidEmailandInvalidPass" time="32.819"/>
  <system-out/>
  <testcase classname="Lesson4_POM.LoginPO" name="enterValidEmailandPass" time="31.976"/>
  <system-out/>
</testsuite> <!-- Lesson4_POM.LoginPO -->
