<?xml version="1.0" encoding="UTF-8"?>
<!-- Generated by org.testng.reporters.JUnitReportReporter -->
<testsuite hostname="DESKTOP-DBMQDBI" failures="0" tests="3" name="Lesson2.Selenium.testing.NewTest2" time="0.603" errors="0" timestamp="2022-12-05T20:06:20 CET" skipped="0">
  <testcase classname="Lesson2.Selenium.testing.NewTest2" name="Test2" time="0.028"/>
  <system-out/>
  <testcase classname="Lesson2.Selenium.testing.NewTest2" name="Test1" time="0.310"/>
  <system-out/>
  <testcase classname="Lesson2.Selenium.testing.NewTest2" name="Test3" time="0.265"/>
  <system-out/>
</testsuite> <!-- Lesson2.Selenium.testing.NewTest2 -->
