<?xml version="1.0" encoding="UTF-8"?>
<!-- Generated by org.testng.reporters.JUnitReportReporter -->
<testsuite hostname="DESKTOP-DBMQDBI" failures="0" tests="2" name="Lesson3.TestWebDriver.CheckBoxes" time="50.095" errors="0" timestamp="2022-12-08T17:52:27 CET" skipped="0">
  <testcase classname="Lesson3.TestWebDriver.CheckBoxes" name="Test_02" time="26.910"/>
  <system-out/>
  <testcase classname="Lesson3.TestWebDriver.CheckBoxes" name="Test_01" time="23.185"/>
  <system-out/>
</testsuite> <!-- Lesson3.TestWebDriver.CheckBoxes -->
