<?xml version="1.0" encoding="UTF-8"?>
<!-- Generated by org.testng.reporters.JUnitReportReporter -->
<testsuite hostname="DESKTOP-DBMQDBI" failures="0" tests="2" name="Lesson4_POM.ShoppngCartPO" time="89.800" errors="0" timestamp="2022-12-24T13:44:22 CET" skipped="0">
  <testcase classname="Lesson4_POM.ShoppngCartPO" name="TC_01" time="27.539"/>
  <system-out/>
  <testcase classname="Lesson4_POM.ShoppngCartPO" name="TC_02" time="62.261"/>
  <system-out/>
</testsuite> <!-- Lesson4_POM.ShoppngCartPO -->
