<?xml version="1.0" encoding="UTF-8"?>
<!-- Generated by org.testng.reporters.JUnitReportReporter -->
<testsuite hostname="DESKTOP-DBMQDBI" failures="0" tests="1" name="Lesson4_POM.SearchPO" time="31.755" errors="0" timestamp="2022-12-24T13:47:33 CET" skipped="0">
  <testcase classname="Lesson4_POM.SearchPO" name="SearchForNonExistingProducts" time="31.755"/>
  <system-out/>
</testsuite> <!-- Lesson4_POM.SearchPO -->
