<?xml version="1.0" encoding="UTF-8"?>
<!-- Generated by org.testng.reporters.JUnitReportReporter -->
<testsuite hostname="DESKTOP-DBMQDBI" failures="0" tests="2" name="Lesson3.TestWebDriver.Dropdowns" time="85.419" errors="0" timestamp="2022-12-18T08:16:34 CET" skipped="0">
  <testcase classname="Lesson3.TestWebDriver.Dropdowns" name="Test_01" time="33.996"/>
  <system-out/>
  <testcase classname="Lesson3.TestWebDriver.Dropdowns" name="Test_02" time="51.423"/>
  <system-out/>
</testsuite> <!-- Lesson3.TestWebDriver.Dropdowns -->
