<?xml version="1.0" encoding="UTF-8"?>
<!-- Generated by org.testng.reporters.JUnitReportReporter -->
<testsuite hostname="DESKTOP-DBMQDBI" failures="0" tests="3" name="Lesson3.TestWebDriver.MauseOver" time="39.743" errors="0" timestamp="2022-12-10T13:38:53 CET" skipped="0">
  <testcase classname="Lesson3.TestWebDriver.MauseOver" name="Test_02" time="10.970"/>
  <system-out/>
  <testcase classname="Lesson3.TestWebDriver.MauseOver" name="Test_01" time="12.365"/>
  <system-out/>
  <testcase classname="Lesson3.TestWebDriver.MauseOver" name="Test_03" time="16.408"/>
  <system-out/>
</testsuite> <!-- Lesson3.TestWebDriver.MauseOver -->
