<?xml version="1.0" encoding="UTF-8"?>
<!-- Generated by org.testng.reporters.JUnitReportReporter -->
<testsuite hostname="DESKTOP-DBMQDBI" failures="0" tests="1" name="Lesson3.TestWebDriver.Search" time="34.225" errors="0" timestamp="2022-12-10T07:56:52 CET" skipped="0">
  <testcase classname="Lesson3.TestWebDriver.Search" name="Search_for_Existing_Product" time="34.225"/>
  <system-out/>
</testsuite> <!-- Lesson3.TestWebDriver.Search -->
