<?xml version="1.0" encoding="UTF-8"?>
<!-- Generated by org.testng.reporters.JUnitReportReporter -->
<testsuite hostname="DESKTOP-DBMQDBI" failures="0" tests="2" name="Lesson4_POM.RegisterPO" time="187.051" errors="0" timestamp="2022-12-24T13:51:09 CET" skipped="0">
  <testcase classname="Lesson4_POM.RegisterPO" name="RegisterWithDifferentConfirmpass" time="92.863"/>
  <system-out/>
  <testcase classname="Lesson4_POM.RegisterPO" name="RegisterWithVAlidCredentials" time="94.188"/>
  <system-out/>
</testsuite> <!-- Lesson4_POM.RegisterPO -->
