<?xml version="1.0" encoding="UTF-8"?>
<!-- Generated by org.testng.reporters.JUnitReportReporter -->
<testsuite hostname="DESKTOP-DBMQDBI" failures="0" tests="1" name="Lesson4_POM.WishlistPO" time="60.588" errors="0" timestamp="2022-12-23T18:55:37 CET" skipped="0">
  <testcase classname="Lesson4_POM.WishlistPO" name="Quantity_Grow" time="60.588"/>
  <system-out/>
</testsuite> <!-- Lesson4_POM.WishlistPO -->
