<?xml version="1.0" encoding="UTF-8"?>
<!-- Generated by org.testng.reporters.JUnitReportReporter -->
<testsuite hostname="DESKTOP-DBMQDBI" failures="0" tests="2" name="Lesson3.TestWebDriver.RadioButton" time="77.711" errors="0" timestamp="2022-12-08T17:50:24 CET" skipped="0">
  <testcase classname="Lesson3.TestWebDriver.RadioButton" name="Test_02" time="47.966"/>
  <system-out/>
  <testcase classname="Lesson3.TestWebDriver.RadioButton" name="Test_01" time="29.745"/>
  <system-out/>
</testsuite> <!-- Lesson3.TestWebDriver.RadioButton -->
