<?xml version="1.0" encoding="UTF-8"?>
<!-- Generated by org.testng.reporters.JUnitReportReporter -->
<testsuite hostname="DESKTOP-DBMQDBI" failures="0" tests="1" name="POM_test.register_tests" time="33.829" errors="0" timestamp="2022-12-29T18:14:59 CET" skipped="0">
  <testcase classname="POM_test.register_tests" name="TC_o4" time="33.829"/>
  <system-out/>
</testsuite> <!-- POM_test.register_tests -->
