<?xml version="1.0" encoding="UTF-8"?>
<!-- Generated by org.testng.reporters.JUnitReportReporter -->
<testsuite hostname="DESKTOP-DBMQDBI" failures="0" tests="1" name="POM_test.wishlist_tests" time="103.780" errors="0" timestamp="2022-12-31T09:08:55 CET" skipped="0">
  <testcase classname="POM_test.wishlist_tests" name="tc_02" time="103.780"/>
  <system-out/>
</testsuite> <!-- POM_test.wishlist_tests -->
