<?xml version="1.0" encoding="UTF-8"?>
<!-- Generated by org.testng.reporters.JUnitReportReporter -->
<testsuite hostname="DESKTOP-DBMQDBI" failures="0" tests="1" name="POM_test.search_tests" time="31.757" errors="0" timestamp="2022-12-30T16:46:26 CET" skipped="0">
  <testcase classname="POM_test.search_tests" name="tc_01" time="31.757"/>
  <system-out/>
</testsuite> <!-- POM_test.search_tests -->
