<?xml version="1.0" encoding="UTF-8"?>
<!-- Generated by org.testng.reporters.JUnitReportReporter -->
<testsuite hostname="DESKTOP-DBMQDBI" failures="0" tests="1" name="POM_test.login_tests" time="19.131" errors="0" timestamp="2022-12-30T11:53:08 CET" skipped="0">
  <testcase classname="POM_test.login_tests" name="TC_02" time="19.131"/>
  <system-out/>
</testsuite> <!-- POM_test.login_tests -->
