<?xml version="1.0" encoding="UTF-8"?>
<!-- Generated by org.testng.reporters.JUnitReportReporter -->
<testsuite hostname="DESKTOP-DBMQDBI" failures="0" tests="4" name="POM_test.checkout_tests" time="299.464" errors="0" timestamp="2023-01-01T16:56:21 CET" skipped="0">
  <testcase classname="POM_test.checkout_tests" name="tc_02" time="89.466"/>
  <system-out/>
  <testcase classname="POM_test.checkout_tests" name="tc_03" time="93.365"/>
  <system-out/>
  <testcase classname="POM_test.checkout_tests" name="tc_01" time="42.785"/>
  <system-out/>
  <testcase classname="POM_test.checkout_tests" name="tc_04" time="73.848"/>
  <system-out/>
</testsuite> <!-- POM_test.checkout_tests -->
