<?xml version="1.0" encoding="UTF-8"?>
<!-- Generated by org.testng.reporters.JUnitReportReporter -->
<testsuite hostname="DESKTOP-DBMQDBI" failures="0" tests="1" name="POM_test.shopping_tests" time="30.834" errors="0" timestamp="2022-12-31T09:15:34 CET" skipped="0">
  <testcase classname="POM_test.shopping_tests" name="tc_02" time="30.834"/>
  <system-out/>
</testsuite> <!-- POM_test.shopping_tests -->
