<?xml version="1.0" encoding="UTF-8"?>
<!-- Generated by org.testng.reporters.JUnitReportReporter -->
<testsuite hostname="DESKTOP-DBMQDBI" failures="0" tests="1" name="POM_test.PLP_tests" time="31.363" errors="0" timestamp="2022-12-30T13:00:07 CET" skipped="0">
  <testcase classname="POM_test.PLP_tests" name="tc_04" time="31.363"/>
  <system-out/>
</testsuite> <!-- POM_test.PLP_tests -->
