<?xml version="1.0" encoding="UTF-8"?>
<!-- Generated by org.testng.reporters.JUnitReportReporter -->
<testsuite hostname="DESKTOP-DBMQDBI" failures="0" tests="1" name="POM_test.PDP_tests" time="52.232" errors="0" timestamp="2022-12-30T14:21:52 CET" skipped="0">
  <testcase classname="POM_test.PDP_tests" name="TC_02" time="52.232"/>
  <system-out/>
</testsuite> <!-- POM_test.PDP_tests -->
